{"/Users/apklinker/Programming/FoosAPI/src/Server.ts": {"path":"/Users/apklinker/Programming/FoosAPI/src/Server.ts","statementMap":{"0":{"start":{"line":1,"column":0},"end":{"line":1,"column":16}},"1":{"start":{"line":2,"column":0},"end":{"line":2,"column":29}},"2":{"start":{"line":3,"column":0},"end":{"line":3,"column":44}},"3":{"start":{"line":4,"column":0},"end":{"line":4,"column":34}},"4":{"start":{"line":5,"column":0},"end":{"line":5,"column":37}},"5":{"start":{"line":6,"column":0},"end":{"line":6,"column":29}},"6":{"start":{"line":7,"column":0},"end":{"line":7,"column":29}},"7":{"start":{"line":16,"column":9},"end":{"line":20,"column":3}},"8":{"start":{"line":17,"column":4},"end":{"line":17,"column":27}},"9":{"start":{"line":18,"column":4},"end":{"line":18,"column":23}},"10":{"start":{"line":19,"column":4},"end":{"line":19,"column":54}},"11":{"start":{"line":22,"column":9},"end":{"line":24,"column":3}},"12":{"start":{"line":23,"column":4},"end":{"line":23,"column":36}},"13":{"start":{"line":26,"column":9},"end":{"line":29,"column":3}},"14":{"start":{"line":27,"column":21},"end":{"line":27,"column":32}},"15":{"start":{"line":28,"column":4},"end":{"line":28,"column":70}},"16":{"start":{"line":31,"column":9},"end":{"line":37,"column":3}},"17":{"start":{"line":31,"column":38},"end":{"line":37,"column":3}},"18":{"start":{"line":32,"column":4},"end":{"line":36,"column":5}},"19":{"start":{"line":33,"column":23},"end":{"line":33,"column":55}},"20":{"start":{"line":34,"column":6},"end":{"line":34,"column":63}},"21":{"start":{"line":35,"column":6},"end":{"line":35,"column":70}},"22":{"start":{"line":13,"column":4},"end":{"line":13,"column":32}},"23":{"start":{"line":40,"column":0},"end":{"line":40,"column":28}}},"fnMap":{"0":{"name":"(anonymous_1)","decl":{"start":{"line":12,"column":2},"end":{"line":null,"column":-1}},"loc":{"start":{"line":12,"column":2},"end":{"line":14,"column":3}}},"1":{"name":"(anonymous_2)","decl":{"start":{"line":16,"column":17},"end":{"line":16,"column":18}},"loc":{"start":{"line":16,"column":34},"end":{"line":20,"column":3}}},"2":{"name":"(anonymous_3)","decl":{"start":{"line":22,"column":27},"end":{"line":22,"column":29}},"loc":{"start":{"line":22,"column":32},"end":{"line":24,"column":3}}},"3":{"name":"(anonymous_4)","decl":{"start":{"line":26,"column":23},"end":{"line":26,"column":25}},"loc":{"start":{"line":26,"column":28},"end":{"line":29,"column":3}}},"4":{"name":"(anonymous_5)","decl":{"start":{"line":31,"column":20},"end":{"line":31,"column":21}},"loc":{"start":{"line":31,"column":38},"end":{"line":37,"column":3}}},"5":{"name":"(anonymous_6)","decl":{"start":{"line":31,"column":38},"end":{"line":31,"column":40}},"loc":{"start":{"line":31,"column":43},"end":{"line":37,"column":3}}}},"branchMap":{"0":{"loc":{"start":{"line":32,"column":4},"end":{"line":36,"column":5}},"type":"if","locations":[{"start":{"line":32,"column":4},"end":{"line":36,"column":5}},{"start":{"line":32,"column":4},"end":{"line":36,"column":5}}]}},"s":{"0":2,"1":2,"2":2,"3":2,"4":2,"5":2,"6":2,"7":2,"8":1,"9":1,"10":1,"11":2,"12":1,"13":2,"14":1,"15":1,"16":2,"17":3,"18":2,"19":1,"20":1,"21":1,"22":2,"23":2},"f":{"0":2,"1":1,"2":1,"3":1,"4":3,"5":2},"b":{"0":[1,1]}}
,"/Users/apklinker/Programming/FoosAPI/src/index.ts": {"path":"/Users/apklinker/Programming/FoosAPI/src/index.ts","statementMap":{"0":{"start":{"line":1,"column":0},"end":{"line":1,"column":26}},"1":{"start":{"line":2,"column":0},"end":{"line":2,"column":33}},"2":{"start":{"line":3,"column":0},"end":{"line":3,"column":29}},"3":{"start":{"line":4,"column":0},"end":{"line":4,"column":29}},"4":{"start":{"line":6,"column":0},"end":{"line":9,"column":2}},"5":{"start":{"line":7,"column":2},"end":{"line":7,"column":21}},"6":{"start":{"line":8,"column":2},"end":{"line":8,"column":32}}},"fnMap":{"0":{"name":"(anonymous_1)","decl":{"start":{"line":6,"column":15},"end":{"line":6,"column":17}},"loc":{"start":{"line":6,"column":20},"end":{"line":9,"column":1}}}},"branchMap":{},"s":{"0":1,"1":1,"2":1,"3":1,"4":1,"5":1,"6":1},"f":{"0":1},"b":{}}
,"/Users/apklinker/Programming/FoosAPI/src/_types/TypeLong.ts": {"path":"/Users/apklinker/Programming/FoosAPI/src/_types/TypeLong.ts","statementMap":{"0":{"start":{"line":1,"column":0},"end":{"line":1,"column":42}},"1":{"start":{"line":2,"column":0},"end":{"line":2,"column":68}},"2":{"start":{"line":5,"column":35},"end":{"line":8,"column":1}},"3":{"start":{"line":10,"column":0},"end":{"line":10,"column":24}}},"fnMap":{},"branchMap":{},"s":{"0":3,"1":3,"2":3,"3":3},"f":{},"b":{}}
,"/Users/apklinker/Programming/FoosAPI/src/_types/TypeString255.ts": {"path":"/Users/apklinker/Programming/FoosAPI/src/_types/TypeString255.ts","statementMap":{"0":{"start":{"line":1,"column":0},"end":{"line":1,"column":68}},"1":{"start":{"line":4,"column":40},"end":{"line":7,"column":1}},"2":{"start":{"line":9,"column":0},"end":{"line":9,"column":29}}},"fnMap":{},"branchMap":{},"s":{"0":3,"1":3,"2":3},"f":{},"b":{}}
,"/Users/apklinker/Programming/FoosAPI/src/database/index.ts": {"path":"/Users/apklinker/Programming/FoosAPI/src/database/index.ts","statementMap":{"0":{"start":{"line":1,"column":0},"end":{"line":1,"column":48}},"1":{"start":{"line":2,"column":0},"end":{"line":2,"column":30}},"2":{"start":{"line":3,"column":0},"end":{"line":3,"column":30}},"3":{"start":{"line":5,"column":17},"end":{"line":29,"column":1}},"4":{"start":{"line":7,"column":22},"end":{"line":23,"column":6}},"5":{"start":{"line":25,"column":4},"end":{"line":27,"column":73}},"6":{"start":{"line":26,"column":18},"end":{"line":26,"column":49}},"7":{"start":{"line":27,"column":22},"end":{"line":27,"column":71}},"8":{"start":{"line":31,"column":0},"end":{"line":31,"column":24}}},"fnMap":{"0":{"name":"(anonymous_1)","decl":{"start":{"line":6,"column":11},"end":{"line":6,"column":13}},"loc":{"start":{"line":6,"column":16},"end":{"line":28,"column":3}}},"1":{"name":"(anonymous_2)","decl":{"start":{"line":26,"column":12},"end":{"line":26,"column":14}},"loc":{"start":{"line":26,"column":18},"end":{"line":26,"column":49}}},"2":{"name":"(anonymous_3)","decl":{"start":{"line":27,"column":13},"end":{"line":27,"column":14}},"loc":{"start":{"line":27,"column":22},"end":{"line":27,"column":71}}}},"branchMap":{},"s":{"0":2,"1":2,"2":2,"3":2,"4":1,"5":1,"6":0,"7":0,"8":2},"f":{"0":1,"1":0,"2":0},"b":{}}
,"/Users/apklinker/Programming/FoosAPI/src/database/models/Basic._entity.ts": {"path":"/Users/apklinker/Programming/FoosAPI/src/database/models/Basic._entity.ts","statementMap":{"0":{"start":{"line":1,"column":0},"end":{"line":1,"column":52}},"1":{"start":{"line":2,"column":0},"end":{"line":2,"column":51}},"2":{"start":{"line":12,"column":2},"end":{"line":12,"column":20}},"3":{"start":{"line":15,"column":2},"end":{"line":15,"column":27}},"4":{"start":{"line":18,"column":2},"end":{"line":18,"column":27}},"5":{"start":{"line":21,"column":2},"end":{"line":21,"column":39}},"6":{"start":{"line":4,"column":0},"end":{"line":23,"column":1}}},"fnMap":{},"branchMap":{},"s":{"0":3,"1":3,"2":3,"3":3,"4":3,"5":3,"6":3},"f":{},"b":{}}
,"/Users/apklinker/Programming/FoosAPI/src/database/models/Basic.model.ts": {"path":"/Users/apklinker/Programming/FoosAPI/src/database/models/Basic.model.ts","statementMap":{"0":{"start":{"line":1,"column":0},"end":{"line":1,"column":43}},"1":{"start":{"line":3,"column":0},"end":{"line":3,"column":50}},"2":{"start":{"line":8,"column":0},"end":{"line":29,"column":1}},"3":{"start":{"line":23,"column":4},"end":{"line":23,"column":24}},"4":{"start":{"line":24,"column":4},"end":{"line":24,"column":38}},"5":{"start":{"line":25,"column":4},"end":{"line":25,"column":38}},"6":{"start":{"line":26,"column":4},"end":{"line":26,"column":38}},"7":{"start":{"line":11,"column":2},"end":{"line":11,"column":20}},"8":{"start":{"line":14,"column":2},"end":{"line":14,"column":27}},"9":{"start":{"line":17,"column":2},"end":{"line":17,"column":27}},"10":{"start":{"line":20,"column":2},"end":{"line":20,"column":39}},"11":{"start":{"line":8,"column":21},"end":{"line":29,"column":1}}},"fnMap":{"0":{"name":"(anonymous_3)","decl":{"start":{"line":22,"column":2},"end":{"line":22,"column":13}},"loc":{"start":{"line":22,"column":31},"end":{"line":27,"column":3}}}},"branchMap":{},"s":{"0":2,"1":2,"2":2,"3":0,"4":0,"5":0,"6":0,"7":2,"8":2,"9":2,"10":2,"11":2},"f":{"0":0},"b":{}}
,"/Users/apklinker/Programming/FoosAPI/src/database/models/Basic.type.ts": {"path":"/Users/apklinker/Programming/FoosAPI/src/database/models/Basic.type.ts","statementMap":{"0":{"start":{"line":4,"column":0},"end":{"line":4,"column":44}},"1":{"start":{"line":10,"column":16},"end":{"line":35,"column":4}},"2":{"start":{"line":9,"column":0},"end":{"line":41,"column":1}},"3":{"start":{"line":47,"column":2},"end":{"line":47,"column":72}},"4":{"start":{"line":43,"column":0},"end":{"line":48,"column":1}},"5":{"start":{"line":55,"column":2},"end":{"line":60,"column":4}},"6":{"start":{"line":50,"column":0},"end":{"line":61,"column":1}},"7":{"start":{"line":67,"column":2},"end":{"line":72,"column":4}},"8":{"start":{"line":62,"column":0},"end":{"line":73,"column":1}}},"fnMap":{"0":{"name":"mapNullable","decl":{"start":{"line":43,"column":16},"end":{"line":43,"column":27}},"loc":{"start":{"line":45,"column":26},"end":{"line":48,"column":1}}},"1":{"name":"forColumn","decl":{"start":{"line":50,"column":16},"end":{"line":50,"column":25}},"loc":{"start":{"line":53,"column":57},"end":{"line":61,"column":1}}},"2":{"name":"forField","decl":{"start":{"line":62,"column":16},"end":{"line":62,"column":24}},"loc":{"start":{"line":65,"column":33},"end":{"line":73,"column":1}}}},"branchMap":{"0":{"loc":{"start":{"line":47,"column":49},"end":{"line":47,"column":51}},"type":"cond-expr","locations":[{"start":{"line":47,"column":49},"end":{"line":47,"column":51}},{"start":{"line":47,"column":54},"end":{"line":47,"column":71}}]},"1":{"loc":{"start":{"line":47,"column":9},"end":{"line":47,"column":23}},"type":"binary-expr","locations":[{"start":{"line":47,"column":9},"end":{"line":47,"column":23}},{"start":{"line":47,"column":27},"end":{"line":47,"column":46}}]},"2":{"loc":{"start":{"line":53,"column":55},"end":{"line":53,"column":57}},"type":"default-arg","locations":[{"start":{"line":53,"column":55},"end":{"line":53,"column":57}}]},"3":{"loc":{"start":{"line":65,"column":31},"end":{"line":65,"column":33}},"type":"default-arg","locations":[{"start":{"line":65,"column":31},"end":{"line":65,"column":33}}]}},"s":{"0":3,"1":3,"2":3,"3":0,"4":3,"5":33,"6":3,"7":18,"8":3},"f":{"0":0,"1":33,"2":18},"b":{"0":[0,0],"1":[0,0],"2":[30],"3":[18]}}
,"/Users/apklinker/Programming/FoosAPI/src/database/models/Building.entity.ts": {"path":"/Users/apklinker/Programming/FoosAPI/src/database/models/Building.entity.ts","statementMap":{"0":{"start":{"line":1,"column":0},"end":{"line":1,"column":61}},"1":{"start":{"line":2,"column":0},"end":{"line":2,"column":41}},"2":{"start":{"line":3,"column":0},"end":{"line":3,"column":40}},"3":{"start":{"line":4,"column":0},"end":{"line":4,"column":42}},"4":{"start":{"line":5,"column":0},"end":{"line":5,"column":38}},"5":{"start":{"line":12,"column":0},"end":{"line":27,"column":1}},"6":{"start":{"line":17,"column":2},"end":{"line":17,"column":22}},"7":{"start":{"line":20,"column":2},"end":{"line":20,"column":25}},"8":{"start":{"line":25,"column":2},"end":{"line":25,"column":29}},"9":{"start":{"line":24,"column":17},"end":{"line":24,"column":27}},"10":{"start":{"line":12,"column":21},"end":{"line":27,"column":1}}},"fnMap":{"0":{"name":"(anonymous_3)","decl":{"start":{"line":24,"column":11},"end":{"line":24,"column":13}},"loc":{"start":{"line":24,"column":17},"end":{"line":24,"column":27}}}},"branchMap":{},"s":{"0":3,"1":3,"2":3,"3":3,"4":3,"5":3,"6":3,"7":3,"8":3,"9":2,"10":3},"f":{"0":2},"b":{}}
,"/Users/apklinker/Programming/FoosAPI/src/database/models/Building.model.ts": {"path":"/Users/apklinker/Programming/FoosAPI/src/database/models/Building.model.ts","statementMap":{"0":{"start":{"line":1,"column":0},"end":{"line":1,"column":43}},"1":{"start":{"line":3,"column":0},"end":{"line":3,"column":38}},"2":{"start":{"line":4,"column":0},"end":{"line":4,"column":63}},"3":{"start":{"line":5,"column":0},"end":{"line":5,"column":46}},"4":{"start":{"line":6,"column":0},"end":{"line":6,"column":42}},"5":{"start":{"line":8,"column":0},"end":{"line":8,"column":36}},"6":{"start":{"line":13,"column":0},"end":{"line":33,"column":1}},"7":{"start":{"line":25,"column":4},"end":{"line":25,"column":18}},"8":{"start":{"line":27,"column":4},"end":{"line":27,"column":28}},"9":{"start":{"line":28,"column":4},"end":{"line":28,"column":34}},"10":{"start":{"line":30,"column":4},"end":{"line":30,"column":80}},"11":{"start":{"line":30,"column":62},"end":{"line":30,"column":78}},"12":{"start":{"line":16,"column":2},"end":{"line":16,"column":22}},"13":{"start":{"line":19,"column":2},"end":{"line":19,"column":25}},"14":{"start":{"line":22,"column":2},"end":{"line":22,"column":28}},"15":{"start":{"line":21,"column":23},"end":{"line":21,"column":34}},"16":{"start":{"line":13,"column":21},"end":{"line":33,"column":1}}},"fnMap":{"0":{"name":"(anonymous_3)","decl":{"start":{"line":24,"column":2},"end":{"line":24,"column":13}},"loc":{"start":{"line":24,"column":36},"end":{"line":31,"column":3}}},"1":{"name":"(anonymous_4)","decl":{"start":{"line":30,"column":43},"end":{"line":30,"column":44}},"loc":{"start":{"line":30,"column":62},"end":{"line":30,"column":78}}},"2":{"name":"(anonymous_5)","decl":{"start":{"line":21,"column":17},"end":{"line":21,"column":19}},"loc":{"start":{"line":21,"column":23},"end":{"line":21,"column":34}}}},"branchMap":{},"s":{"0":2,"1":2,"2":2,"3":2,"4":2,"5":2,"6":2,"7":0,"8":0,"9":0,"10":0,"11":0,"12":2,"13":2,"14":2,"15":2,"16":2},"f":{"0":0,"1":0,"2":2},"b":{}}
,"/Users/apklinker/Programming/FoosAPI/src/database/models/Building.type.ts": {"path":"/Users/apklinker/Programming/FoosAPI/src/database/models/Building.type.ts","statementMap":{"0":{"start":{"line":2,"column":0},"end":{"line":2,"column":54}},"1":{"start":{"line":3,"column":0},"end":{"line":3,"column":36}},"2":{"start":{"line":6,"column":16},"end":{"line":21,"column":4}},"3":{"start":{"line":5,"column":0},"end":{"line":25,"column":1}}},"fnMap":{},"branchMap":{},"s":{"0":3,"1":3,"2":3,"3":3},"f":{},"b":{}}
,"/Users/apklinker/Programming/FoosAPI/src/database/models/FavoriteUser.entity.ts": {"path":"/Users/apklinker/Programming/FoosAPI/src/database/models/FavoriteUser.entity.ts","statementMap":{"0":{"start":{"line":1,"column":0},"end":{"line":1,"column":64}},"1":{"start":{"line":2,"column":0},"end":{"line":2,"column":41}},"2":{"start":{"line":3,"column":0},"end":{"line":3,"column":40}},"3":{"start":{"line":4,"column":0},"end":{"line":4,"column":50}},"4":{"start":{"line":5,"column":0},"end":{"line":5,"column":38}},"5":{"start":{"line":12,"column":0},"end":{"line":26,"column":1}},"6":{"start":{"line":20,"column":2},"end":{"line":20,"column":24}},"7":{"start":{"line":19,"column":20},"end":{"line":19,"column":30}},"8":{"start":{"line":24,"column":2},"end":{"line":24,"column":33}},"9":{"start":{"line":23,"column":20},"end":{"line":23,"column":30}},"10":{"start":{"line":12,"column":21},"end":{"line":26,"column":1}}},"fnMap":{"0":{"name":"(anonymous_3)","decl":{"start":{"line":19,"column":14},"end":{"line":19,"column":16}},"loc":{"start":{"line":19,"column":20},"end":{"line":19,"column":30}}},"1":{"name":"(anonymous_4)","decl":{"start":{"line":23,"column":14},"end":{"line":23,"column":16}},"loc":{"start":{"line":23,"column":20},"end":{"line":23,"column":30}}}},"branchMap":{},"s":{"0":3,"1":3,"2":3,"3":3,"4":3,"5":3,"6":3,"7":0,"8":3,"9":0,"10":3},"f":{"0":0,"1":0},"b":{}}
,"/Users/apklinker/Programming/FoosAPI/src/database/models/FavoriteUser.type.ts": {"path":"/Users/apklinker/Programming/FoosAPI/src/database/models/FavoriteUser.type.ts","statementMap":{"0":{"start":{"line":2,"column":0},"end":{"line":2,"column":44}},"1":{"start":{"line":3,"column":0},"end":{"line":3,"column":36}},"2":{"start":{"line":6,"column":16},"end":{"line":21,"column":4}},"3":{"start":{"line":5,"column":0},"end":{"line":25,"column":1}}},"fnMap":{},"branchMap":{},"s":{"0":3,"1":3,"2":3,"3":3},"f":{},"b":{}}
,"/Users/apklinker/Programming/FoosAPI/src/database/models/User.entity.ts": {"path":"/Users/apklinker/Programming/FoosAPI/src/database/models/User.entity.ts","statementMap":{"0":{"start":{"line":1,"column":0},"end":{"line":1,"column":90}},"1":{"start":{"line":2,"column":0},"end":{"line":2,"column":41}},"2":{"start":{"line":3,"column":0},"end":{"line":3,"column":40}},"3":{"start":{"line":4,"column":0},"end":{"line":4,"column":46}},"4":{"start":{"line":5,"column":0},"end":{"line":5,"column":54}},"5":{"start":{"line":6,"column":0},"end":{"line":6,"column":34}},"6":{"start":{"line":13,"column":31},"end":{"line":38,"column":1}},"7":{"start":{"line":18,"column":2},"end":{"line":18,"column":27}},"8":{"start":{"line":21,"column":2},"end":{"line":21,"column":26}},"9":{"start":{"line":27,"column":2},"end":{"line":27,"column":28}},"10":{"start":{"line":26,"column":20},"end":{"line":26,"column":34}},"11":{"start":{"line":30,"column":2},"end":{"line":30,"column":34}},"12":{"start":{"line":29,"column":19},"end":{"line":29,"column":33}},"13":{"start":{"line":33,"column":2},"end":{"line":33,"column":37}},"14":{"start":{"line":32,"column":23},"end":{"line":32,"column":33}},"15":{"start":{"line":32,"column":41},"end":{"line":32,"column":59}},"16":{"start":{"line":36,"column":2},"end":{"line":36,"column":40}},"17":{"start":{"line":35,"column":23},"end":{"line":35,"column":33}},"18":{"start":{"line":35,"column":41},"end":{"line":35,"column":59}},"19":{"start":{"line":13,"column":21},"end":{"line":38,"column":1}}},"fnMap":{"0":{"name":"(anonymous_3)","decl":{"start":{"line":26,"column":14},"end":{"line":26,"column":16}},"loc":{"start":{"line":26,"column":20},"end":{"line":26,"column":34}}},"1":{"name":"(anonymous_4)","decl":{"start":{"line":29,"column":13},"end":{"line":29,"column":15}},"loc":{"start":{"line":29,"column":19},"end":{"line":29,"column":33}}},"2":{"name":"(anonymous_5)","decl":{"start":{"line":32,"column":17},"end":{"line":32,"column":19}},"loc":{"start":{"line":32,"column":23},"end":{"line":32,"column":33}}},"3":{"name":"(anonymous_6)","decl":{"start":{"line":32,"column":35},"end":{"line":32,"column":37}},"loc":{"start":{"line":32,"column":41},"end":{"line":32,"column":59}}},"4":{"name":"(anonymous_7)","decl":{"start":{"line":35,"column":17},"end":{"line":35,"column":19}},"loc":{"start":{"line":35,"column":23},"end":{"line":35,"column":33}}},"5":{"name":"(anonymous_8)","decl":{"start":{"line":35,"column":35},"end":{"line":35,"column":37}},"loc":{"start":{"line":35,"column":41},"end":{"line":35,"column":59}}}},"branchMap":{},"s":{"0":3,"1":3,"2":3,"3":3,"4":3,"5":3,"6":3,"7":3,"8":3,"9":3,"10":2,"11":3,"12":2,"13":3,"14":2,"15":1,"16":3,"17":2,"18":1,"19":3},"f":{"0":2,"1":2,"2":2,"3":1,"4":2,"5":1},"b":{}}
,"/Users/apklinker/Programming/FoosAPI/src/database/models/User.model.ts": {"path":"/Users/apklinker/Programming/FoosAPI/src/database/models/User.model.ts","statementMap":{"0":{"start":{"line":1,"column":0},"end":{"line":1,"column":43}},"1":{"start":{"line":3,"column":0},"end":{"line":3,"column":38}},"2":{"start":{"line":4,"column":0},"end":{"line":4,"column":52}},"3":{"start":{"line":5,"column":0},"end":{"line":5,"column":44}},"4":{"start":{"line":6,"column":0},"end":{"line":6,"column":38}},"5":{"start":{"line":7,"column":0},"end":{"line":7,"column":34}},"6":{"start":{"line":12,"column":30},"end":{"line":49,"column":1}},"7":{"start":{"line":33,"column":4},"end":{"line":33,"column":18}},"8":{"start":{"line":35,"column":4},"end":{"line":35,"column":38}},"9":{"start":{"line":36,"column":4},"end":{"line":36,"column":36}},"10":{"start":{"line":37,"column":4},"end":{"line":37,"column":40}},"11":{"start":{"line":39,"column":4},"end":{"line":39,"column":80}},"12":{"start":{"line":40,"column":4},"end":{"line":40,"column":96}},"13":{"start":{"line":40,"column":78},"end":{"line":40,"column":94}},"14":{"start":{"line":41,"column":4},"end":{"line":41,"column":102}},"15":{"start":{"line":41,"column":84},"end":{"line":41,"column":100}},"16":{"start":{"line":46,"column":4},"end":{"line":46,"column":48}},"17":{"start":{"line":15,"column":2},"end":{"line":15,"column":27}},"18":{"start":{"line":18,"column":2},"end":{"line":18,"column":26}},"19":{"start":{"line":21,"column":2},"end":{"line":21,"column":28}},"20":{"start":{"line":24,"column":2},"end":{"line":24,"column":41}},"21":{"start":{"line":23,"column":23},"end":{"line":23,"column":36}},"22":{"start":{"line":27,"column":2},"end":{"line":27,"column":36}},"23":{"start":{"line":26,"column":23},"end":{"line":26,"column":34}},"24":{"start":{"line":30,"column":2},"end":{"line":30,"column":39}},"25":{"start":{"line":29,"column":23},"end":{"line":29,"column":34}},"26":{"start":{"line":45,"column":2},"end":{"line":47,"column":3}},"27":{"start":{"line":12,"column":21},"end":{"line":49,"column":1}}},"fnMap":{"0":{"name":"(anonymous_3)","decl":{"start":{"line":32,"column":2},"end":{"line":32,"column":13}},"loc":{"start":{"line":32,"column":32},"end":{"line":42,"column":3}}},"1":{"name":"(anonymous_4)","decl":{"start":{"line":40,"column":59},"end":{"line":40,"column":60}},"loc":{"start":{"line":40,"column":78},"end":{"line":40,"column":94}}},"2":{"name":"(anonymous_5)","decl":{"start":{"line":41,"column":65},"end":{"line":41,"column":66}},"loc":{"start":{"line":41,"column":84},"end":{"line":41,"column":100}}},"3":{"name":"(anonymous_6)","decl":{"start":{"line":45,"column":9},"end":{"line":45,"column":12}},"loc":{"start":{"line":45,"column":13},"end":{"line":47,"column":3}}},"4":{"name":"(anonymous_7)","decl":{"start":{"line":23,"column":17},"end":{"line":23,"column":19}},"loc":{"start":{"line":23,"column":23},"end":{"line":23,"column":36}}},"5":{"name":"(anonymous_8)","decl":{"start":{"line":26,"column":17},"end":{"line":26,"column":19}},"loc":{"start":{"line":26,"column":23},"end":{"line":26,"column":34}}},"6":{"name":"(anonymous_9)","decl":{"start":{"line":29,"column":17},"end":{"line":29,"column":19}},"loc":{"start":{"line":29,"column":23},"end":{"line":29,"column":34}}}},"branchMap":{"0":{"loc":{"start":{"line":39,"column":38},"end":{"line":39,"column":72}},"type":"cond-expr","locations":[{"start":{"line":39,"column":38},"end":{"line":39,"column":72}},{"start":{"line":39,"column":75},"end":{"line":39,"column":79}}]}},"s":{"0":2,"1":2,"2":2,"3":2,"4":2,"5":2,"6":2,"7":0,"8":0,"9":0,"10":0,"11":0,"12":0,"13":0,"14":0,"15":0,"16":0,"17":2,"18":2,"19":2,"20":2,"21":2,"22":2,"23":2,"24":2,"25":2,"26":2,"27":2},"f":{"0":0,"1":0,"2":0,"3":0,"4":2,"5":2,"6":2},"b":{"0":[0,0]}}
,"/Users/apklinker/Programming/FoosAPI/src/database/models/User.type.ts": {"path":"/Users/apklinker/Programming/FoosAPI/src/database/models/User.type.ts","statementMap":{"0":{"start":{"line":2,"column":0},"end":{"line":2,"column":44}},"1":{"start":{"line":3,"column":0},"end":{"line":3,"column":54}},"2":{"start":{"line":4,"column":0},"end":{"line":4,"column":36}},"3":{"start":{"line":7,"column":16},"end":{"line":27,"column":4}},"4":{"start":{"line":6,"column":0},"end":{"line":32,"column":1}}},"fnMap":{},"branchMap":{},"s":{"0":3,"1":3,"2":3,"3":3,"4":3},"f":{},"b":{}}
,"/Users/apklinker/Programming/FoosAPI/src/graphql/index.ts": {"path":"/Users/apklinker/Programming/FoosAPI/src/graphql/index.ts","statementMap":{"0":{"start":{"line":1,"column":0},"end":{"line":1,"column":39}},"1":{"start":{"line":2,"column":0},"end":{"line":2,"column":31}},"2":{"start":{"line":4,"column":13},"end":{"line":4,"column":56}}},"fnMap":{},"branchMap":{},"s":{"0":2,"1":2,"2":2},"f":{},"b":{}}
,"/Users/apklinker/Programming/FoosAPI/src/graphql/schemas/BuildingSchema.ts": {"path":"/Users/apklinker/Programming/FoosAPI/src/graphql/schemas/BuildingSchema.ts","statementMap":{"0":{"start":{"line":1,"column":0},"end":{"line":1,"column":43}},"1":{"start":{"line":2,"column":0},"end":{"line":2,"column":66}},"2":{"start":{"line":3,"column":0},"end":{"line":3,"column":64}},"3":{"start":{"line":4,"column":0},"end":{"line":4,"column":58}},"4":{"start":{"line":7,"column":0},"end":{"line":25,"column":1}},"5":{"start":{"line":11,"column":20},"end":{"line":11,"column":75}},"6":{"start":{"line":12,"column":4},"end":{"line":12,"column":78}},"7":{"start":{"line":12,"column":51},"end":{"line":12,"column":76}},"8":{"start":{"line":17,"column":20},"end":{"line":17,"column":80}},"9":{"start":{"line":18,"column":4},"end":{"line":22,"column":5}},"10":{"start":{"line":19,"column":6},"end":{"line":19,"column":62}},"11":{"start":{"line":21,"column":6},"end":{"line":21,"column":39}},"12":{"start":{"line":10,"column":2},"end":{"line":13,"column":3}},"13":{"start":{"line":16,"column":2},"end":{"line":23,"column":3}},"14":{"start":{"line":7,"column":21},"end":{"line":25,"column":1}}},"fnMap":{"0":{"name":"(anonymous_3)","decl":{"start":{"line":10,"column":9},"end":{"line":10,"column":13}},"loc":{"start":{"line":10,"column":30},"end":{"line":13,"column":3}}},"1":{"name":"(anonymous_4)","decl":{"start":{"line":12,"column":23},"end":{"line":12,"column":24}},"loc":{"start":{"line":12,"column":51},"end":{"line":12,"column":76}}},"2":{"name":"(anonymous_5)","decl":{"start":{"line":16,"column":9},"end":{"line":16,"column":13}},"loc":{"start":{"line":16,"column":41},"end":{"line":23,"column":3}}}},"branchMap":{"0":{"loc":{"start":{"line":18,"column":4},"end":{"line":22,"column":5}},"type":"if","locations":[{"start":{"line":18,"column":4},"end":{"line":22,"column":5}},{"start":{"line":18,"column":4},"end":{"line":22,"column":5}}]}},"s":{"0":2,"1":2,"2":2,"3":2,"4":2,"5":0,"6":0,"7":0,"8":0,"9":0,"10":0,"11":0,"12":2,"13":2,"14":2},"f":{"0":0,"1":0,"2":0},"b":{"0":[0,0]}}
,"/Users/apklinker/Programming/FoosAPI/src/graphql/schemas/RootSchema.ts": {"path":"/Users/apklinker/Programming/FoosAPI/src/graphql/schemas/RootSchema.ts","statementMap":{"0":{"start":{"line":1,"column":0},"end":{"line":1,"column":39}},"1":{"start":{"line":2,"column":0},"end":{"line":2,"column":43}},"2":{"start":{"line":5,"column":0},"end":{"line":12,"column":1}},"3":{"start":{"line":9,"column":4},"end":{"line":9,"column":18}},"4":{"start":{"line":8,"column":2},"end":{"line":10,"column":3}},"5":{"start":{"line":5,"column":21},"end":{"line":12,"column":1}}},"fnMap":{"0":{"name":"(anonymous_2)","decl":{"start":{"line":8,"column":10},"end":{"line":8,"column":13}},"loc":{"start":{"line":8,"column":14},"end":{"line":10,"column":3}}}},"branchMap":{},"s":{"0":2,"1":2,"2":2,"3":0,"4":2,"5":2},"f":{"0":0},"b":{}}
,"/Users/apklinker/Programming/FoosAPI/src/graphql/schemas/UserSchema.ts": {"path":"/Users/apklinker/Programming/FoosAPI/src/graphql/schemas/UserSchema.ts","statementMap":{"0":{"start":{"line":2,"column":0},"end":{"line":2,"column":43}},"1":{"start":{"line":3,"column":0},"end":{"line":3,"column":66}},"2":{"start":{"line":5,"column":0},"end":{"line":5,"column":58}},"3":{"start":{"line":6,"column":0},"end":{"line":6,"column":56}},"4":{"start":{"line":9,"column":0},"end":{"line":43,"column":1}},"5":{"start":{"line":13,"column":19},"end":{"line":26,"column":6}},"6":{"start":{"line":27,"column":4},"end":{"line":31,"column":5}},"7":{"start":{"line":28,"column":6},"end":{"line":28,"column":62}},"8":{"start":{"line":30,"column":6},"end":{"line":30,"column":35}},"9":{"start":{"line":36,"column":20},"end":{"line":39,"column":6}},"10":{"start":{"line":40,"column":4},"end":{"line":40,"column":70}},"11":{"start":{"line":40,"column":47},"end":{"line":40,"column":68}},"12":{"start":{"line":12,"column":2},"end":{"line":32,"column":3}},"13":{"start":{"line":35,"column":2},"end":{"line":41,"column":3}},"14":{"start":{"line":9,"column":21},"end":{"line":43,"column":1}}},"fnMap":{"0":{"name":"(anonymous_3)","decl":{"start":{"line":12,"column":9},"end":{"line":12,"column":13}},"loc":{"start":{"line":12,"column":41},"end":{"line":32,"column":3}}},"1":{"name":"(anonymous_4)","decl":{"start":{"line":35,"column":9},"end":{"line":35,"column":13}},"loc":{"start":{"line":35,"column":43},"end":{"line":41,"column":3}}},"2":{"name":"(anonymous_5)","decl":{"start":{"line":40,"column":23},"end":{"line":40,"column":24}},"loc":{"start":{"line":40,"column":47},"end":{"line":40,"column":68}}}},"branchMap":{"0":{"loc":{"start":{"line":27,"column":4},"end":{"line":31,"column":5}},"type":"if","locations":[{"start":{"line":27,"column":4},"end":{"line":31,"column":5}},{"start":{"line":27,"column":4},"end":{"line":31,"column":5}}]}},"s":{"0":2,"1":2,"2":2,"3":2,"4":2,"5":0,"6":0,"7":0,"8":0,"9":0,"10":0,"11":0,"12":2,"13":2,"14":2},"f":{"0":0,"1":0,"2":0},"b":{"0":[0,0]}}
,"/Users/apklinker/Programming/FoosAPI/src/graphql/schemas/index.ts": {"path":"/Users/apklinker/Programming/FoosAPI/src/graphql/schemas/index.ts","statementMap":{"0":{"start":{"line":1,"column":0},"end":{"line":1,"column":45}},"1":{"start":{"line":2,"column":0},"end":{"line":2,"column":37}},"2":{"start":{"line":3,"column":0},"end":{"line":3,"column":37}},"3":{"start":{"line":5,"column":0},"end":{"line":9,"column":2}}},"fnMap":{},"branchMap":{},"s":{"0":2,"1":2,"2":2,"3":2},"f":{},"b":{}}
,"/Users/apklinker/Programming/FoosAPI/src/middleware/FirebaseAuth.ts": {"path":"/Users/apklinker/Programming/FoosAPI/src/middleware/FirebaseAuth.ts","statementMap":{"0":{"start":{"line":2,"column":0},"end":{"line":2,"column":39}},"1":{"start":{"line":4,"column":0},"end":{"line":4,"column":30}},"2":{"start":{"line":5,"column":0},"end":{"line":5,"column":44}},"3":{"start":{"line":8,"column":23},"end":{"line":8,"column":57}},"4":{"start":{"line":10,"column":0},"end":{"line":13,"column":3}},"5":{"start":{"line":16,"column":2},"end":{"line":19,"column":4}},"6":{"start":{"line":17,"column":4},"end":{"line":17,"column":29}},"7":{"start":{"line":18,"column":4},"end":{"line":18,"column":11}},"8":{"start":{"line":23,"column":2},"end":{"line":29,"column":4}},"9":{"start":{"line":24,"column":4},"end":{"line":28,"column":7}},"10":{"start":{"line":32,"column":45},"end":{"line":46,"column":1}},"11":{"start":{"line":48,"column":0},"end":{"line":69,"column":2}},"12":{"start":{"line":49,"column":18},"end":{"line":49,"column":57}},"13":{"start":{"line":50,"column":16},"end":{"line":50,"column":38}},"14":{"start":{"line":52,"column":41},"end":{"line":52,"column":66}},"15":{"start":{"line":53,"column":2},"end":{"line":68,"column":3}},"16":{"start":{"line":54,"column":26},"end":{"line":54,"column":51}},"17":{"start":{"line":55,"column":4},"end":{"line":65,"column":5}},"18":{"start":{"line":56,"column":6},"end":{"line":60,"column":7}},"19":{"start":{"line":57,"column":8},"end":{"line":57,"column":27}},"20":{"start":{"line":59,"column":8},"end":{"line":59,"column":91}},"21":{"start":{"line":61,"column":11},"end":{"line":65,"column":5}},"22":{"start":{"line":62,"column":6},"end":{"line":64,"column":61}},"23":{"start":{"line":63,"column":52},"end":{"line":63,"column":66}},"24":{"start":{"line":64,"column":24},"end":{"line":64,"column":59}},"25":{"start":{"line":67,"column":4},"end":{"line":67,"column":116}}},"fnMap":{"0":{"name":"authSuccess","decl":{"start":{"line":15,"column":9},"end":{"line":15,"column":20}},"loc":{"start":{"line":15,"column":66},"end":{"line":20,"column":1}}},"1":{"name":"(anonymous_3)","decl":{"start":{"line":16,"column":9},"end":{"line":16,"column":10}},"loc":{"start":{"line":16,"column":46},"end":{"line":19,"column":3}}},"2":{"name":"authFailure","decl":{"start":{"line":22,"column":9},"end":{"line":22,"column":20}},"loc":{"start":{"line":22,"column":69},"end":{"line":30,"column":1}}},"3":{"name":"(anonymous_5)","decl":{"start":{"line":23,"column":9},"end":{"line":23,"column":10}},"loc":{"start":{"line":23,"column":45},"end":{"line":29,"column":3}}},"4":{"name":"(anonymous_6)","decl":{"start":{"line":48,"column":15},"end":{"line":48,"column":16}},"loc":{"start":{"line":48,"column":90},"end":{"line":69,"column":1}}},"5":{"name":"(anonymous_7)","decl":{"start":{"line":63,"column":14},"end":{"line":63,"column":15}},"loc":{"start":{"line":63,"column":52},"end":{"line":63,"column":66}}},"6":{"name":"(anonymous_8)","decl":{"start":{"line":64,"column":15},"end":{"line":64,"column":16}},"loc":{"start":{"line":64,"column":24},"end":{"line":64,"column":59}}}},"branchMap":{"0":{"loc":{"start":{"line":53,"column":2},"end":{"line":68,"column":3}},"type":"if","locations":[{"start":{"line":53,"column":2},"end":{"line":68,"column":3}},{"start":{"line":53,"column":2},"end":{"line":68,"column":3}}]},"1":{"loc":{"start":{"line":55,"column":4},"end":{"line":65,"column":5}},"type":"if","locations":[{"start":{"line":55,"column":4},"end":{"line":65,"column":5}},{"start":{"line":55,"column":4},"end":{"line":65,"column":5}}]},"2":{"loc":{"start":{"line":56,"column":6},"end":{"line":60,"column":7}},"type":"if","locations":[{"start":{"line":56,"column":6},"end":{"line":60,"column":7}},{"start":{"line":56,"column":6},"end":{"line":60,"column":7}}]},"3":{"loc":{"start":{"line":56,"column":10},"end":{"line":56,"column":32}},"type":"binary-expr","locations":[{"start":{"line":56,"column":10},"end":{"line":56,"column":32}},{"start":{"line":56,"column":37},"end":{"line":56,"column":57}},{"start":{"line":56,"column":61},"end":{"line":56,"column":79}}]},"4":{"loc":{"start":{"line":61,"column":11},"end":{"line":65,"column":5}},"type":"if","locations":[{"start":{"line":61,"column":11},"end":{"line":65,"column":5}},{"start":{"line":61,"column":11},"end":{"line":65,"column":5}}]}},"s":{"0":2,"1":2,"2":2,"3":2,"4":2,"5":0,"6":0,"7":0,"8":0,"9":0,"10":2,"11":2,"12":0,"13":0,"14":0,"15":0,"16":0,"17":0,"18":0,"19":0,"20":0,"21":0,"22":0,"23":0,"24":0,"25":0},"f":{"0":0,"1":0,"2":0,"3":0,"4":0,"5":0,"6":0},"b":{"0":[0,0],"1":[0,0],"2":[0,0],"3":[0,0,0],"4":[0,0]}}
,"/Users/apklinker/Programming/FoosAPI/src/middleware/RequestLogger.ts": {"path":"/Users/apklinker/Programming/FoosAPI/src/middleware/RequestLogger.ts","statementMap":{"0":{"start":{"line":1,"column":0},"end":{"line":1,"column":16}},"1":{"start":{"line":3,"column":0},"end":{"line":3,"column":27}},"2":{"start":{"line":5,"column":27},"end":{"line":12,"column":2}},"3":{"start":{"line":6,"column":2},"end":{"line":11,"column":14}},"4":{"start":{"line":15,"column":15},"end":{"line":15,"column":52}},"5":{"start":{"line":16,"column":10},"end":{"line":16,"column":19}},"6":{"start":{"line":17,"column":2},"end":{"line":25,"column":3}},"7":{"start":{"line":18,"column":4},"end":{"line":18,"column":16}},"8":{"start":{"line":19,"column":9},"end":{"line":25,"column":3}},"9":{"start":{"line":20,"column":4},"end":{"line":20,"column":15}},"10":{"start":{"line":21,"column":9},"end":{"line":25,"column":3}},"11":{"start":{"line":22,"column":4},"end":{"line":22,"column":18}},"12":{"start":{"line":24,"column":4},"end":{"line":24,"column":14}},"13":{"start":{"line":26,"column":2},"end":{"line":26,"column":35}},"14":{"start":{"line":30,"column":15},"end":{"line":30,"column":60}},"15":{"start":{"line":31,"column":2},"end":{"line":31,"column":47}},"16":{"start":{"line":31,"column":20},"end":{"line":31,"column":45}},"17":{"start":{"line":32,"column":2},"end":{"line":32,"column":48}},"18":{"start":{"line":32,"column":20},"end":{"line":32,"column":46}},"19":{"start":{"line":33,"column":2},"end":{"line":33,"column":49}},"20":{"start":{"line":33,"column":20},"end":{"line":33,"column":47}},"21":{"start":{"line":34,"column":2},"end":{"line":34,"column":26}},"22":{"start":{"line":37,"column":0},"end":{"line":37,"column":29}}},"fnMap":{"0":{"name":"(anonymous_1)","decl":{"start":{"line":5,"column":34},"end":{"line":5,"column":35}},"loc":{"start":{"line":5,"column":95},"end":{"line":12,"column":1}}},"1":{"name":"getStatus","decl":{"start":{"line":14,"column":9},"end":{"line":14,"column":18}},"loc":{"start":{"line":14,"column":75},"end":{"line":27,"column":1}}},"2":{"name":"getTime","decl":{"start":{"line":29,"column":9},"end":{"line":29,"column":16}},"loc":{"start":{"line":29,"column":73},"end":{"line":35,"column":1}}}},"branchMap":{"0":{"loc":{"start":{"line":17,"column":2},"end":{"line":25,"column":3}},"type":"if","locations":[{"start":{"line":17,"column":2},"end":{"line":25,"column":3}},{"start":{"line":17,"column":2},"end":{"line":25,"column":3}}]},"1":{"loc":{"start":{"line":19,"column":9},"end":{"line":25,"column":3}},"type":"if","locations":[{"start":{"line":19,"column":9},"end":{"line":25,"column":3}},{"start":{"line":19,"column":9},"end":{"line":25,"column":3}}]},"2":{"loc":{"start":{"line":21,"column":9},"end":{"line":25,"column":3}},"type":"if","locations":[{"start":{"line":21,"column":9},"end":{"line":25,"column":3}},{"start":{"line":21,"column":9},"end":{"line":25,"column":3}}]},"3":{"loc":{"start":{"line":31,"column":2},"end":{"line":31,"column":47}},"type":"if","locations":[{"start":{"line":31,"column":2},"end":{"line":31,"column":47}},{"start":{"line":31,"column":2},"end":{"line":31,"column":47}}]},"4":{"loc":{"start":{"line":32,"column":2},"end":{"line":32,"column":48}},"type":"if","locations":[{"start":{"line":32,"column":2},"end":{"line":32,"column":48}},{"start":{"line":32,"column":2},"end":{"line":32,"column":48}}]},"5":{"loc":{"start":{"line":33,"column":2},"end":{"line":33,"column":49}},"type":"if","locations":[{"start":{"line":33,"column":2},"end":{"line":33,"column":49}},{"start":{"line":33,"column":2},"end":{"line":33,"column":49}}]}},"s":{"0":2,"1":2,"2":2,"3":0,"4":0,"5":0,"6":0,"7":0,"8":0,"9":0,"10":0,"11":0,"12":0,"13":0,"14":0,"15":0,"16":0,"17":0,"18":0,"19":0,"20":0,"21":0,"22":2},"f":{"0":0,"1":0,"2":0},"b":{"0":[0,0],"1":[0,0],"2":[0,0],"3":[0,0],"4":[0,0],"5":[0,0]}}
,"/Users/apklinker/Programming/FoosAPI/src/middleware/index.ts": {"path":"/Users/apklinker/Programming/FoosAPI/src/middleware/index.ts","statementMap":{"0":{"start":{"line":3,"column":0},"end":{"line":3,"column":41}},"1":{"start":{"line":4,"column":0},"end":{"line":4,"column":43}},"2":{"start":{"line":6,"column":37},"end":{"line":9,"column":1}},"3":{"start":{"line":11,"column":0},"end":{"line":11,"column":26}}},"fnMap":{},"branchMap":{},"s":{"0":2,"1":2,"2":2,"3":2},"f":{},"b":{}}
,"/Users/apklinker/Programming/FoosAPI/src/utils/Env.ts": {"path":"/Users/apklinker/Programming/FoosAPI/src/utils/Env.ts","statementMap":{"0":{"start":{"line":1,"column":0},"end":{"line":1,"column":27}},"1":{"start":{"line":2,"column":0},"end":{"line":2,"column":16}},"2":{"start":{"line":6,"column":16},"end":{"line":6,"column":111}},"3":{"start":{"line":7,"column":16},"end":{"line":9,"column":4}},"4":{"start":{"line":10,"column":16},"end":{"line":12,"column":4}},"5":{"start":{"line":13,"column":16},"end":{"line":19,"column":4}},"6":{"start":{"line":20,"column":16},"end":{"line":20,"column":67}},"7":{"start":{"line":22,"column":16},"end":{"line":22,"column":63}},"8":{"start":{"line":22,"column":40},"end":{"line":22,"column":62}},"9":{"start":{"line":23,"column":16},"end":{"line":23,"column":61}},"10":{"start":{"line":23,"column":39},"end":{"line":23,"column":60}},"11":{"start":{"line":24,"column":16},"end":{"line":24,"column":75}},"12":{"start":{"line":24,"column":46},"end":{"line":24,"column":74}},"13":{"start":{"line":4,"column":0},"end":{"line":26,"column":1}}},"fnMap":{"0":{"name":"(anonymous_1)","decl":{"start":{"line":22,"column":25},"end":{"line":22,"column":36}},"loc":{"start":{"line":22,"column":40},"end":{"line":22,"column":62}}},"1":{"name":"(anonymous_2)","decl":{"start":{"line":23,"column":24},"end":{"line":23,"column":35}},"loc":{"start":{"line":23,"column":39},"end":{"line":23,"column":60}}},"2":{"name":"(anonymous_3)","decl":{"start":{"line":24,"column":31},"end":{"line":24,"column":42}},"loc":{"start":{"line":24,"column":46},"end":{"line":24,"column":74}}}},"branchMap":{},"s":{"0":4,"1":4,"2":4,"3":4,"4":4,"5":4,"6":4,"7":4,"8":2,"9":4,"10":5,"11":4,"12":2,"13":4},"f":{"0":2,"1":5,"2":2},"b":{}}
,"/Users/apklinker/Programming/FoosAPI/src/utils/HttpStatus.ts": {"path":"/Users/apklinker/Programming/FoosAPI/src/utils/HttpStatus.ts","statementMap":{"0":{"start":{"line":1,"column":13},"end":{"line":3,"column":2}},"1":{"start":{"line":5,"column":0},"end":{"line":7,"column":3}},"2":{"start":{"line":9,"column":18},"end":{"line":9,"column":21}},"3":{"start":{"line":10,"column":0},"end":{"line":12,"column":3}},"4":{"start":{"line":13,"column":19},"end":{"line":13,"column":22}},"5":{"start":{"line":15,"column":0},"end":{"line":18,"column":3}},"6":{"start":{"line":19,"column":11},"end":{"line":19,"column":14}},"7":{"start":{"line":20,"column":0},"end":{"line":22,"column":3}},"8":{"start":{"line":23,"column":16},"end":{"line":23,"column":19}},"9":{"start":{"line":24,"column":0},"end":{"line":26,"column":3}},"10":{"start":{"line":27,"column":17},"end":{"line":27,"column":20}},"11":{"start":{"line":28,"column":0},"end":{"line":30,"column":3}},"12":{"start":{"line":31,"column":18},"end":{"line":31,"column":21}},"13":{"start":{"line":33,"column":0},"end":{"line":36,"column":3}},"14":{"start":{"line":37,"column":19},"end":{"line":37,"column":22}},"15":{"start":{"line":38,"column":0},"end":{"line":41,"column":3}},"16":{"start":{"line":42,"column":21},"end":{"line":42,"column":24}},"17":{"start":{"line":43,"column":0},"end":{"line":45,"column":3}},"18":{"start":{"line":46,"column":18},"end":{"line":46,"column":21}},"19":{"start":{"line":47,"column":0},"end":{"line":50,"column":3}},"20":{"start":{"line":51,"column":17},"end":{"line":51,"column":20}},"21":{"start":{"line":53,"column":0},"end":{"line":56,"column":3}},"22":{"start":{"line":57,"column":28},"end":{"line":57,"column":31}},"23":{"start":{"line":58,"column":0},"end":{"line":61,"column":3}},"24":{"start":{"line":62,"column":22},"end":{"line":62,"column":25}},"25":{"start":{"line":64,"column":0},"end":{"line":80,"column":2}}},"fnMap":{"0":{"name":"(anonymous_0)","decl":{"start":{"line":1,"column":23},"end":{"line":1,"column":24}},"loc":{"start":{"line":1,"column":34},"end":{"line":3,"column":1}}}},"branchMap":{},"s":{"0":2,"1":2,"2":2,"3":2,"4":2,"5":2,"6":2,"7":2,"8":2,"9":2,"10":2,"11":2,"12":2,"13":2,"14":2,"15":2,"16":2,"17":2,"18":2,"19":2,"20":2,"21":2,"22":2,"23":2,"24":2,"25":2},"f":{"0":24},"b":{}}
,"/Users/apklinker/Programming/FoosAPI/src/utils/Log.ts": {"path":"/Users/apklinker/Programming/FoosAPI/src/utils/Log.ts","statementMap":{"0":{"start":{"line":4,"column":4},"end":{"line":10,"column":5}},"1":{"start":{"line":6,"column":6},"end":{"line":6,"column":46}},"2":{"start":{"line":9,"column":6},"end":{"line":9,"column":27}},"3":{"start":{"line":14,"column":4},"end":{"line":20,"column":5}},"4":{"start":{"line":16,"column":6},"end":{"line":16,"column":48}},"5":{"start":{"line":19,"column":6},"end":{"line":19,"column":29}},"6":{"start":{"line":24,"column":4},"end":{"line":30,"column":5}},"7":{"start":{"line":26,"column":6},"end":{"line":26,"column":47}},"8":{"start":{"line":29,"column":6},"end":{"line":29,"column":28}},"9":{"start":{"line":1,"column":0},"end":{"line":33,"column":1}}},"fnMap":{"0":{"name":"(anonymous_0)","decl":{"start":{"line":3,"column":9},"end":{"line":3,"column":14}},"loc":{"start":{"line":3,"column":57},"end":{"line":11,"column":3}}},"1":{"name":"(anonymous_1)","decl":{"start":{"line":13,"column":9},"end":{"line":13,"column":14}},"loc":{"start":{"line":13,"column":57},"end":{"line":21,"column":3}}},"2":{"name":"(anonymous_2)","decl":{"start":{"line":23,"column":9},"end":{"line":23,"column":14}},"loc":{"start":{"line":23,"column":57},"end":{"line":31,"column":3}}}},"branchMap":{"0":{"loc":{"start":{"line":4,"column":4},"end":{"line":10,"column":5}},"type":"if","locations":[{"start":{"line":4,"column":4},"end":{"line":10,"column":5}},{"start":{"line":4,"column":4},"end":{"line":10,"column":5}}]},"1":{"loc":{"start":{"line":14,"column":4},"end":{"line":20,"column":5}},"type":"if","locations":[{"start":{"line":14,"column":4},"end":{"line":20,"column":5}},{"start":{"line":14,"column":4},"end":{"line":20,"column":5}}]},"2":{"loc":{"start":{"line":24,"column":4},"end":{"line":30,"column":5}},"type":"if","locations":[{"start":{"line":24,"column":4},"end":{"line":30,"column":5}},{"start":{"line":24,"column":4},"end":{"line":30,"column":5}}]}},"s":{"0":0,"1":0,"2":0,"3":0,"4":0,"5":0,"6":0,"7":0,"8":0,"9":3},"f":{"0":0,"1":0,"2":0},"b":{"0":[0,0],"1":[0,0],"2":[0,0]}}
}
